<?xml version="1.0" encoding="UTF-8" ?>
<testsuite errors="0" failures="0" hostname="sean" name="seanpoker.HandTest" skipped="0" tests="4" time="0.043" timestamp="2021-08-25T09:18:32">
  <properties>
    <property name="default.javac.source" value="1.8" />
    <property name="file.encoding.pkg" value="sun.io" />
    <property name="jnlp.signing.alias" value="" />
    <property name="javac.source" value="1.8" />
    <property name="testng.debug.mode" value="" />
    <property name="java.home" value="/usr/lib/jvm/java-8-oracle/jre" />
    <property name="libs.eclipselinkmodelgen.classpath" value="/home/sean/netbeans8.2/java/modules/ext/eclipselink/org.eclipse.persistence.jpa.modelgen_2.5.2.v20140319-9ad6abd.jar" />
    <property name="libs.hibernate4-support.javadoc" value="/home/sean/netbeans8.2/java/modules/ext/docs/javax.persistence-2.1.0-doc.zip" />
    <property name="test.src.dir" value="test" />
    <property name="libs.JAXB-ENDORSED.javadoc" value="" />
    <property name="libs.jaxws21.src" value="" />
    <property name="javadoc.version" value="false" />
    <property name="jnlp.mixed.code" value="default" />
    <property name="libs.CopyLibs.classpath" value="/home/sean/netbeans8.2/java/ant/extra/org-netbeans-modules-java-j2seproject-copylibstask.jar" />
    <property name="libs.hibernate4-support.classpath" value="/home/sean/netbeans8.2/java/modules/ext/hibernate4/antlr-2.7.7.jar:/home/sean/netbeans8.2/java/modules/ext/hibernate4/c3p0-0.9.2.1.jar:/home/sean/netbeans8.2/java/modules/ext/hibernate4/hibernate-c3p0-4.3.1.Final.jar:/home/sean/netbeans8.2/java/modules/ext/hibernate4/mchange-commons-java-0.2.3.4.jar:/home/sean/netbeans8.2/java/modules/ext/hibernate4/dom4j-1.6.1.jar:/home/sean/netbeans8.2/java/modules/ext/hibernate4/ehcache-core-2.4.3.jar:/home/sean/netbeans8.2/java/modules/ext/hibernate4/hibernate-ehcache-4.3.1.Final.jar:/home/sean/netbeans8.2/java/modules/ext/hibernate4/hibernate-core-4.3.1.Final.jar:/home/sean/netbeans8.2/java/modules/ext/hibernate4/jboss-logging-3.1.3.GA.jar:/home/sean/netbeans8.2/java/modules/ext/hibernate4/hibernate-commons-annotations-4.0.4.Final.jar:/home/sean/netbeans8.2/java/modules/ext/hibernate4/hibernate-entitymanager-4.3.1.Final.jar:/home/sean/netbeans8.2/java/modules/ext/hibernate4/javassist-3.18.1-GA.jar:/home/sean/netbeans8.2/java/modules/ext/hibernate4/jboss-transaction-api_1.2_spec-1.0.0.Final.jar:/home/sean/netbeans8.2/java/modules/ext/hibernate4/slf4j-api-1.6.1.jar:/home/sean/netbeans8.2/java/modules/ext/hibernate4/slf4j-simple-1.6.1.jar" />
    <property name="libs.javac-api.src" value="" />
    <property name="java.endorsed.dirs" value="/usr/lib/jvm/java-8-oracle/jre/lib/endorsed" />
    <property name="libs.MySQLDriver.classpath" value="/home/sean/netbeans8.2/ide/modules/ext/mysql-connector-java-5.1.23-bin.jar" />
    <property name="libs.jaxb.javadoc" value="/home/sean/netbeans8.2/ide/docs/jaxb-api-doc.zip" />
    <property name="libs.PostgreSQLDriver.src" value="" />
    <property name="src.dir" value="src" />
    <property name="debug-args-line" value="-Xdebug" />
    <property name="build.sysclasspath" value="ignore" />
    <property name="have.sources" value="true" />
    <property name="includes" value="**" />
    <property name="javac.fork" value="true" />
    <property name="source.encoding" value="UTF-8" />
    <property name="libs.jaxws21.classpath" value="/home/sean/netbeans8.2/ide/modules/ext/jaxb/jaxb-impl.jar:/home/sean/netbeans8.2/ide/modules/ext/jaxb/jaxb-xjc.jar:/home/sean/netbeans8.2/java/modules/ext/jaxws22/FastInfoset.jar:/home/sean/netbeans8.2/java/modules/ext/jaxws22/gmbal-api-only.jar:/home/sean/netbeans8.2/java/modules/ext/jaxws22/ha-api.jar:/home/sean/netbeans8.2/java/modules/ext/jaxws22/javax.mail_1.4.jar:/home/sean/netbeans8.2/java/modules/ext/jaxws22/jaxws-rt.jar:/home/sean/netbeans8.2/java/modules/ext/jaxws22/jaxws-tools.jar:/home/sean/netbeans8.2/java/modules/ext/jaxws22/management-api.jar:/home/sean/netbeans8.2/java/modules/ext/jaxws22/mimepull.jar:/home/sean/netbeans8.2/java/modules/ext/jaxws22/policy.jar:/home/sean/netbeans8.2/java/modules/ext/jaxws22/saaj-impl.jar:/home/sean/netbeans8.2/java/modules/ext/jaxws22/stax-ex.jar:/home/sean/netbeans8.2/java/modules/ext/jaxws22/stax2-api.jar:/home/sean/netbeans8.2/java/modules/ext/jaxws22/streambuffer.jar:/home/sean/netbeans8.2/java/modules/ext/jaxws22/woodstox-core-asl.jar:/home/sean/netbeans8.2/java/modules/ext/jaxws22/api/jaxws-api.jar:/home/sean/netbeans8.2/java/modules/ext/jaxws22/api/jsr181-api.jar:/home/sean/netbeans8.2/java/modules/ext/jaxws22/api/javax.annotation.jar:/home/sean/netbeans8.2/java/modules/ext/jaxws22/api/saaj-api.jar:/home/sean/netbeans8.2/ide/modules/ext/jaxb/activation.jar:/home/sean/netbeans8.2/ide/modules/ext/jaxb/api/jaxb-api.jar:/home/sean/netbeans8.2/ide/modules/ext/jaxb/api/jsr173_1.0_api.jar" />
    <property name="sun.os.patch.level" value="unknown" />
    <property name="java.vendor.url" value="http://java.oracle.com/" />
    <property name="java.version" value="1.8.0_201" />
    <property name="libs.hibernate4-persistence.classpath" value="/home/sean/netbeans8.2/java/modules/ext/hibernate4/antlr-2.7.7.jar:/home/sean/netbeans8.2/java/modules/ext/hibernate4/c3p0-0.9.2.1.jar:/home/sean/netbeans8.2/java/modules/ext/hibernate4/hibernate-c3p0-4.3.1.Final.jar:/home/sean/netbeans8.2/java/modules/ext/hibernate4/mchange-commons-java-0.2.3.4.jar:/home/sean/netbeans8.2/java/modules/ext/hibernate4/dom4j-1.6.1.jar:/home/sean/netbeans8.2/java/modules/ext/hibernate4/ehcache-core-2.4.3.jar:/home/sean/netbeans8.2/java/modules/ext/hibernate4/hibernate-ehcache-4.3.1.Final.jar:/home/sean/netbeans8.2/java/modules/ext/hibernate4/hibernate-core-4.3.1.Final.jar:/home/sean/netbeans8.2/java/modules/ext/hibernate4/jboss-logging-3.1.3.GA.jar:/home/sean/netbeans8.2/java/modules/ext/hibernate4/hibernate-commons-annotations-4.0.4.Final.jar:/home/sean/netbeans8.2/java/modules/ext/hibernate4/hibernate-entitymanager-4.3.1.Final.jar:/home/sean/netbeans8.2/java/modules/ext/hibernate4/javassist-3.18.1-GA.jar:/home/sean/netbeans8.2/java/modules/ext/hibernate4/jboss-transaction-api_1.2_spec-1.0.0.Final.jar:/home/sean/netbeans8.2/java/modules/ext/hibernate4/slf4j-api-1.6.1.jar:/home/sean/netbeans8.2/java/modules/ext/hibernate4/slf4j-simple-1.6.1.jar:/home/sean/netbeans8.2/java/modules/ext/hibernate4/hibernate-jpa-2.1-api-1.0.0.Final.jar" />
    <property name="libs.testng.src" value="" />
    <property name="javac.debug" value="true" />
    <property name="libs.JAXB-ENDORSED.classpath" value="/home/sean/netbeans8.2/ide/modules/ext/jaxb/api/jaxb-api.jar" />
    <property name="run.classpath" value=":build/classes" />
    <property name="libs.PostgreSQLDriver.maven-pom" value="" />
    <property name="java.vendor.url.bug" value="http://bugreport.sun.com/bugreport/" />
    <property name="libs.eclipselink.javadoc" value="/home/sean/netbeans8.2/java/modules/ext/docs/javax.persistence-2.1.0-doc.zip" />
    <property name="auxiliary.org-netbeans-spi-editor-hints-projects.perProjectHintSettingsFile" value="nbproject/cfg_hints.xml" />
    <property name="libs.absolutelayout.javadoc" value="" />
    <property name="libs.junit_4.maven-pom" value="" />
    <property name="ant.project.invoked-targets" value="default" />
    <property name="annotation.processing.run.all.processors" value="true" />
    <property name="manifest.file" value="manifest.mf" />
    <property name="user.name" value="sean" />
    <property name="jnlp.enabled" value="false" />
    <property name="manifest.custom.codebase" value="" />
    <property name="libs.testng.maven-pom" value="" />
    <property name="libs.eclipselinkmodelgen.src" value="" />
    <property name="empty.dir" value="/home/sean/PokerCards/Poker/SeanPoker/build/empty" />
    <property name="sun.io.unicode.encoding" value="UnicodeLittle" />
    <property name="sun.jnu.encoding" value="UTF-8" />
    <property name="java.runtime.name" value="Java(TM) SE Runtime Environment" />
    <property name="application.vendor" value="sean" />
    <property name="libs.hamcrest.maven-pom" value="" />
    <property name="main.class.available" value="true" />
    <property name="java.specification.name" value="Java Platform API Specification" />
    <property name="javadoc.author" value="false" />
    <property name="ap.proc.none.internal" value="" />
    <property name="user.timezone" value="" />
    <property name="manifest.available" value="true" />
    <property name="libs.swing-layout.maven-pom" value="" />
    <property name="path.separator" value=":" />
    <property name="testng.mode" value="testng" />
    <property name="version-output" value="java version &quot;1.8" />
    <property name="libs.absolutelayout.classpath" value="/home/sean/netbeans8.2/java/modules/ext/AbsoluteLayout.jar" />
    <property name="libs.jaxb.maven-pom" value="" />
    <property name="libs.spring-framework400.maven-pom" value="" />
    <property name="jnlp.signing" value="" />
    <property name="file.encoding" value="UTF-8" />
    <property name="libs.eclipselink.src" value="" />
    <property name="dist.javadoc.dir" value="dist/javadoc" />
    <property name="libs.spring-framework400.src" value="" />
    <property name="ant.project.default-target" value="default" />
    <property name="javac.profile.cmd.line.arg" value="" />
    <property name="libs.JAXB-ENDORSED.src" value="" />
    <property name="manifest.custom.permissions" value="" />
    <property name="sun.java.command" value="org.apache.tools.ant.taskdefs.optional.junit.JUnitTestRunner seanpoker.HandTest skipNonTests=false filtertrace=true haltOnError=false haltOnFailure=false showoutput=true outputtoformatters=true logfailedtests=true threadid=0 logtestlistenerevents=false formatter=org.apache.tools.ant.taskdefs.optional.junit.BriefJUnitResultFormatter formatter=org.apache.tools.ant.taskdefs.optional.junit.XMLJUnitResultFormatter,/home/sean/PokerCards/Poker/SeanPoker/build/test/results/TEST-seanpoker.HandTest.xml crashfile=/home/sean/PokerCards/Poker/SeanPoker/build/junitvmwatcher6911374865072227991.properties propsfile=/home/sean/PokerCards/Poker/SeanPoker/build/junit3034308285539693898.properties" />
    <property name="built-jar.properties" value="/home/sean/PokerCards/Poker/SeanPoker/build/built-jar.properties" />
    <property name="ant.file" value="/home/sean/PokerCards/Poker/SeanPoker/build.xml" />
    <property name="libs.junit_4.src" value="/home/sean/netbeans8.2/platform/docs/junit-4.12-sources.jar" />
    <property name="libs.hamcrest.src" value="" />
    <property name="junit.available" value="true" />
    <property name="do.jar" value="true" />
    <property name="java.io.tmpdir" value="/tmp" />
    <property name="build.test.results.dir" value="build/test/results" />
    <property name="user.language" value="en" />
    <property name="libs.jpa20-persistence.classpath" value="/home/sean/netbeans8.2/java/modules/ext/eclipselink/javax.persistence_2.1.0.v201304241213.jar" />
    <property name="libs.spring-framework300.src" value="" />
    <property name="line.separator" value="&#xa;" />
    <property name="libs.absolutelayout.src" value="" />
    <property name="javac.compilerargs" value="" />
    <property name="ant.file.type" value="file" />
    <property name="jar.compress" value="false" />
    <property name="debug-transport-by-os" value="dt_socket" />
    <property name="libs.JWSAntTasks.src" value="" />
    <property name="java.vm.info" value="mixed mode" />
    <property name="libs.javac-api.maven-pom" value="" />
    <property name="javadoc.private" value="false" />
    <property name="annotation.processing.processors.list" value="" />
    <property name="sun.desktop" value="gnome" />
    <property name="java.vm.specification.name" value="Java Virtual Machine Specification" />
    <property name="build.test.classes.dir" value="build/test/classes" />
    <property name="libs.jaxb.src" value="" />
    <property name="libs.MySQLDriver.javadoc" value="" />
    <property name="test.binaryexcludes" value="" />
    <property name="libs.beans-binding.javadoc" value="/home/sean/netbeans8.2/java/docs/beansbinding-1.2.1-doc.zip" />
    <property name="platform.active" value="default_platform" />
    <property name="manifest.custom.caller.allowable.codebase" value="" />
    <property name="libs.jpa2-persistence.javadoc" value="/home/sean/netbeans8.2/java/modules/ext/docs/javax.persistence-2.1.0-doc.zip" />
    <property name="ap.cmd.line.internal" value="" />
    <property name="jdkBug6558476" value="false" />
    <property name="libs.jpa2-persistence.src" value="" />
    <property name="libs.spring-framework300.classpath" value="/home/sean/netbeans8.2/ide/modules/org-apache-commons-logging.jar:/home/sean/netbeans8.2/java/modules/ext/cglib-2.2.jar:/home/sean/netbeans8.2/java/modules/ext/spring-3.0/spring-aop-3.2.7.RELEASE.jar:/home/sean/netbeans8.2/java/modules/ext/spring-3.0/spring-aspects-3.2.7.RELEASE.jar:/home/sean/netbeans8.2/java/modules/ext/spring-3.0/spring-beans-3.2.7.RELEASE.jar:/home/sean/netbeans8.2/java/modules/ext/spring-3.0/spring-build-src-3.2.7.RELEASE.jar:/home/sean/netbeans8.2/java/modules/ext/spring-3.0/spring-context-3.2.7.RELEASE.jar:/home/sean/netbeans8.2/java/modules/ext/spring-3.0/spring-context-support-3.2.7.RELEASE.jar:/home/sean/netbeans8.2/java/modules/ext/spring-3.0/spring-core-3.2.7.RELEASE.jar:/home/sean/netbeans8.2/java/modules/ext/spring-3.0/spring-expression-3.2.7.RELEASE.jar:/home/sean/netbeans8.2/java/modules/ext/spring-3.0/spring-framework-bom-3.2.7.RELEASE.jar:/home/sean/netbeans8.2/java/modules/ext/spring-3.0/spring-instrument-3.2.7.RELEASE.jar:/home/sean/netbeans8.2/java/modules/ext/spring-3.0/spring-instrument-tomcat-3.2.7.RELEASE.jar:/home/sean/netbeans8.2/java/modules/ext/spring-3.0/spring-jdbc-3.2.7.RELEASE.jar:/home/sean/netbeans8.2/java/modules/ext/spring-3.0/spring-jms-3.2.7.RELEASE.jar:/home/sean/netbeans8.2/java/modules/ext/spring-3.0/spring-orm-3.2.7.RELEASE.jar:/home/sean/netbeans8.2/java/modules/ext/spring-3.0/spring-oxm-3.2.7.RELEASE.jar:/home/sean/netbeans8.2/java/modules/ext/spring-3.0/spring-struts-3.2.7.RELEASE.jar:/home/sean/netbeans8.2/java/modules/ext/spring-3.0/spring-test-3.2.7.RELEASE.jar:/home/sean/netbeans8.2/java/modules/ext/spring-3.0/spring-tx-3.2.7.RELEASE.jar:/home/sean/netbeans8.2/java/modules/ext/spring-3.0/spring-web-3.2.7.RELEASE.jar:/home/sean/netbeans8.2/java/modules/ext/spring-3.0/spring-webmvc-3.2.7.RELEASE.jar:/home/sean/netbeans8.2/java/modules/ext/spring-3.0/spring-webmvc-portlet-3.2.7.RELEASE.jar" />
    <property name="java.failonerror" value="true" />
    <property name="libs.junit_4.javadoc" value="/home/sean/netbeans8.2/platform/docs/junit-4.12-javadoc.jar" />
    <property name="endorsed.classpath" value="" />
    <property name="libs.hibernate4-persistencemodelgen.maven-pom" value="" />
    <property name="ant.file.type.SeanPoker" value="file" />
    <property name="libs.beans-binding.maven-pom" value="" />
    <property name="do.mkdist" value="true" />
    <property name="javadoc.encoding" value="UTF-8" />
    <property name="java.awt.printerjob" value="sun.print.PSPrinterJob" />
    <property name="ap.processors.internal" value="" />
    <property name="do.archive" value="true" />
    <property name="libs.jpa2-persistence.classpath" value="/home/sean/netbeans8.2/java/modules/ext/hibernate4/hibernate-jpa-2.1-api-1.0.0.Final.jar" />
    <property name="dist.jar" value="dist/SeanPoker.jar" />
    <property name="meta.inf.dir" value="src/META-INF" />
    <property name="ant.version" value="Apache Ant(TM) version 1.10.7 compiled on October 24 2019" />
    <property name="javadoc.nonavbar" value="false" />
    <property name="libs.jpa20-persistence.src" value="" />
    <property name="user.properties.file" value="/home/sean/.netbeans/8.2/build.properties" />
    <property name="libs.hibernate4-persistence.src" value="" />
    <property name="libs.JWSAntTasks.classpath" value="/home/sean/netbeans8.2/java/ant/extra/org-netbeans-modules-javawebstart-anttasks.jar" />
    <property name="javac.external.vm" value="true" />
    <property name="annotation.processing.source.output" value="build/generated-sources/ap-source-output" />
    <property name="libs.CopyLibs.maven-pom" value="" />
    <property name="build.generated.dir" value="build/generated" />
    <property name="libs.eclipselink.maven-pom" value="" />
    <property name="os.name" value="Linux" />
    <property name="java.specification.vendor" value="Oracle Corporation" />
    <property name="run.test.classpath" value=":build/classes:/home/sean/netbeans8.2/platform/modules/ext/junit-4.12.jar:/home/sean/netbeans8.2/platform/modules/ext/hamcrest-core-1.3.jar:build/test/classes" />
    <property name="do.archive+main.class.available" value="true" />
    <property name="libs.CopyLibs.src" value="" />
    <property name="java.vm.name" value="Java HotSpot(TM) 64-Bit Server VM" />
    <property name="libs.beans-binding.src" value="" />
    <property name="java.library.path" value="/usr/java/packages/lib/amd64:/usr/lib64:/lib64:/lib:/usr/lib" />
    <property name="ap.supported.internal" value="true" />
    <property name="libs.PostgreSQLDriver.javadoc" value="" />
    <property name="libs.eclipselinkmodelgen.maven-pom" value="" />
    <property name="ant.java.version" value="1.8" />
    <property name="libs.hamcrest.javadoc" value="" />
    <property name="java.class.version" value="52.0" />
    <property name="javadoc.noindex" value="false" />
    <property name="basedir" value="/home/sean/PokerCards/Poker/SeanPoker" />
    <property name="javac.test.classpath" value=":build/classes:/home/sean/netbeans8.2/platform/modules/ext/junit-4.12.jar:/home/sean/netbeans8.2/platform/modules/ext/hamcrest-core-1.3.jar" />
    <property name="javac.processorpath" value="" />
    <property name="ant.home" value="/usr/share/ant" />
    <property name="javadoc.splitindex" value="true" />
    <property name="libs.hibernate4-support.maven-pom" value="" />
    <property name="libs.javac-api.javadoc" value="" />
    <property name="javac.test.processorpath" value=":build/classes:/home/sean/netbeans8.2/platform/modules/ext/junit-4.12.jar:/home/sean/netbeans8.2/platform/modules/ext/hamcrest-core-1.3.jar" />
    <property name="javadoc.preview" value="true" />
    <property name="libs.MySQLDriver.maven-pom" value="" />
    <property name="copylibs.rebase" value="true" />
    <property name="libs.CopyLibs.javadoc" value="" />
    <property name="libs.PostgreSQLDriver.classpath" value="/home/sean/netbeans8.2/ide/modules/ext/postgresql-9.4.1209.jar" />
    <property name="jnlp.signing.keystore" value="" />
    <property name="junit.forkmode" value="perTest" />
    <property name="libs.jaxws21.maven-pom" value="" />
    <property name="libs.junit_4.classpath" value="/home/sean/netbeans8.2/platform/modules/ext/junit-4.12.jar" />
    <property name="test.binarytestincludes" value="" />
    <property name="libs.hibernate4-persistence.javadoc" value="/home/sean/netbeans8.2/java/modules/ext/docs/javax.persistence-2.1.0-doc.zip" />
    <property name="build.dir" value="build" />
    <property name="sun.boot.library.path" value="/usr/lib/jvm/java-8-oracle/jre/lib/amd64" />
    <property name="dist.archive.excludes" value="" />
    <property name="application.title" value="SeanPoker" />
    <property name="sun.management.compiler" value="HotSpot 64-Bit Tiered Compilers" />
    <property name="libs.testng.classpath" value="/home/sean/netbeans8.2/platform/modules/ext/testng-6.8.1-dist.jar" />
    <property name="java.awt.graphicsenv" value="sun.awt.X11GraphicsEnvironment" />
    <property name="libs.jpa20-persistence.javadoc" value="/home/sean/netbeans8.2/java/modules/ext/docs/javax.persistence-2.1.0-doc.zip" />
    <property name="libs.hibernate4-persistence.maven-pom" value="" />
    <property name="javadoc.encoding.used" value="UTF-8" />
    <property name="libs.testng.javadoc" value="/home/sean/netbeans8.2/platform/docs/testng-6.8.1-javadoc.zip" />
    <property name="javadoc.windowtitle" value="" />
    <property name="ant.file.type.SeanPoker-impl" value="file" />
    <property name="libs.hamcrest.classpath" value="/home/sean/netbeans8.2/platform/modules/ext/hamcrest-core-1.3.jar" />
    <property name="annotation.processing.enabled" value="true" />
    <property name="libs.JAXB-ENDORSED.maven-pom" value="" />
    <property name="run.jvmargs.ide" value="" />
    <property name="run.jvmargs" value="" />
    <property name="nb.junit.single" value="false" />
    <property name="build.generated.sources.dir" value="build/generated-sources" />
    <property name="ant.project.name" value="SeanPoker" />
    <property name="libs.swing-layout.classpath" value="/home/sean/netbeans8.2/platform/modules/ext/swing-layout-1.0.4.jar" />
    <property name="java.vm.specification.version" value="1.8" />
    <property name="libs.spring-framework400.classpath" value="/home/sean/netbeans8.2/ide/modules/org-apache-commons-logging.jar:/home/sean/netbeans8.2/java/modules/ext/cglib-2.2.jar:/home/sean/netbeans8.2/java/modules/ext/spring-4/spring-aop-4.0.1.RELEASE.jar:/home/sean/netbeans8.2/java/modules/ext/spring-4/spring-aspects-4.0.1.RELEASE.jar:/home/sean/netbeans8.2/java/modules/ext/spring-4/spring-beans-4.0.1.RELEASE.jar:/home/sean/netbeans8.2/java/modules/ext/spring-4/spring-build-src-4.0.1.RELEASE.jar:/home/sean/netbeans8.2/java/modules/ext/spring-4/spring-context-4.0.1.RELEASE.jar:/home/sean/netbeans8.2/java/modules/ext/spring-4/spring-context-support-4.0.1.RELEASE.jar:/home/sean/netbeans8.2/java/modules/ext/spring-4/spring-core-4.0.1.RELEASE.jar:/home/sean/netbeans8.2/java/modules/ext/spring-4/spring-expression-4.0.1.RELEASE.jar:/home/sean/netbeans8.2/java/modules/ext/spring-4/spring-framework-bom-4.0.1.RELEASE.jar:/home/sean/netbeans8.2/java/modules/ext/spring-4/spring-instrument-4.0.1.RELEASE.jar:/home/sean/netbeans8.2/java/modules/ext/spring-4/spring-instrument-tomcat-4.0.1.RELEASE.jar:/home/sean/netbeans8.2/java/modules/ext/spring-4/spring-jdbc-4.0.1.RELEASE.jar:/home/sean/netbeans8.2/java/modules/ext/spring-4/spring-jms-4.0.1.RELEASE.jar:/home/sean/netbeans8.2/java/modules/ext/spring-4/spring-messaging-4.0.1.RELEASE.jar:/home/sean/netbeans8.2/java/modules/ext/spring-4/spring-orm-4.0.1.RELEASE.jar:/home/sean/netbeans8.2/java/modules/ext/spring-4/spring-oxm-4.0.1.RELEASE.jar:/home/sean/netbeans8.2/java/modules/ext/spring-4/spring-test-4.0.1.RELEASE.jar:/home/sean/netbeans8.2/java/modules/ext/spring-4/spring-tx-4.0.1.RELEASE.jar:/home/sean/netbeans8.2/java/modules/ext/spring-4/spring-web-4.0.1.RELEASE.jar:/home/sean/netbeans8.2/java/modules/ext/spring-4/spring-webmvc-4.0.1.RELEASE.jar:/home/sean/netbeans8.2/java/modules/ext/spring-4/spring-webmvc-portlet-4.0.1.RELEASE.jar:/home/sean/netbeans8.2/java/modules/ext/spring-4/spring-websocket-4.0.1.RELEASE.jar" />
    <property name="libs.jaxb.classpath" value="/home/sean/netbeans8.2/ide/modules/ext/jaxb/jaxb-impl.jar:/home/sean/netbeans8.2/ide/modules/ext/jaxb/jaxb-xjc.jar:/home/sean/netbeans8.2/ide/modules/ext/jaxb/jaxb1-impl.jar:/home/sean/netbeans8.2/ide/modules/ext/jaxb/activation.jar:/home/sean/netbeans8.2/ide/modules/ext/jaxb/api/jaxb-api.jar:/home/sean/netbeans8.2/ide/modules/ext/jaxb/api/jsr173_1.0_api.jar" />
    <property name="work.dir" value="/home/sean/PokerCards/Poker/SeanPoker" />
    <property name="awt.toolkit" value="sun.awt.X11.XToolkit" />
    <property name="javadoc.use" value="true" />
    <property name="sun.cpu.isalist" value="" />
    <property name="java.ext.dirs" value="/usr/lib/jvm/java-8-oracle/jre/lib/ext:/usr/java/packages/lib/ext" />
    <property name="os.version" value="5.4.0-81-generic" />
    <property name="excludes" value="" />
    <property name="jnlp.descriptor" value="application" />
    <property name="user.home" value="/home/sean" />
    <property name="ant.file.SeanPoker" value="/home/sean/PokerCards/Poker/SeanPoker/build.xml" />
    <property name="java.vm.vendor" value="Oracle Corporation" />
    <property name="libs.absolutelayout.maven-pom" value="" />
    <property name="user.dir" value="/home/sean/PokerCards/Poker/SeanPoker" />
    <property name="debug-transport" value="dt_socket" />
    <property name="application.args" value="" />
    <property name="libs.hibernate4-persistencemodelgen.javadoc" value="" />
    <property name="sun.cpu.endian" value="little" />
    <property name="compile.on.save" value="false" />
    <property name="ant.file.SeanPoker-impl" value="/home/sean/PokerCards/Poker/SeanPoker/nbproject/build-impl.xml" />
    <property name="libs.eclipselinkmodelgen.javadoc" value="" />
    <property name="endorsed.classpath.cmd.line.arg" value="" />
    <property name="jar.index" value="false" />
    <property name="libs.spring-framework300.javadoc" value="" />
    <property name="jnlp.offline-allowed" value="false" />
    <property name="libs.MySQLDriver.src" value="" />
    <property name="java.vm.version" value="25.201-b09" />
    <property name="libs.spring-framework400.javadoc" value="" />
    <property name="test.binaryincludes" value="&lt;nothing&gt;" />
    <property name="java.class.path" value="/home/sean/PokerCards/Poker/SeanPoker/build/classes:/home/sean/netbeans8.2/platform/modules/ext/junit-4.12.jar:/home/sean/netbeans8.2/platform/modules/ext/hamcrest-core-1.3.jar:/home/sean/PokerCards/Poker/SeanPoker/build/test/classes:/usr/share/java/ant-launcher-1.10.7.jar:/usr/share/ant/lib/ant.jar:/usr/share/ant/lib/ant-junit.jar:/usr/share/ant/lib/ant-junit4.jar" />
    <property name="annotation.processing.processor.options" value="" />
    <property name="ant.library.dir" value="/usr/share/ant/lib" />
    <property name="os.arch" value="amd64" />
    <property name="javac.deprecation" value="false" />
    <property name="manifest.encoding" value="UTF-8" />
    <property name="libs.jpa20-persistence.maven-pom" value="" />
    <property name="build.classes.excludes" value="**/*.java,**/*.form" />
    <property name="dist.dir" value="dist" />
    <property name="libs.hibernate4-support.src" value="" />
    <property name="debug.classpath" value=":build/classes" />
    <property name="sun.java.launcher" value="SUN_STANDARD" />
    <property name="jar.index.metainf" value="false" />
    <property name="jnlp.codebase.type" value="no.codebase" />
    <property name="platform.java" value="/usr/lib/jvm/java-8-oracle/jre/bin/java" />
    <property name="annotation.processing.enabled.in.editor" value="false" />
    <property name="ant.core.lib" value="/usr/share/ant/lib/ant.jar" />
    <property name="java.vm.specification.vendor" value="Oracle Corporation" />
    <property name="jnlp.signed" value="false" />
    <property name="do.depend" value="false" />
    <property name="file.separator" value="/" />
    <property name="libs.hibernate4-persistencemodelgen.classpath" value="/home/sean/netbeans8.2/java/modules/ext/hibernate4/hibernate-jpamodelgen-4.3.1.Final.jar" />
    <property name="java.runtime.version" value="1.8.0_201-b09" />
    <property name="sun.boot.class.path" value="/usr/lib/jvm/java-8-oracle/jre/lib/resources.jar:/usr/lib/jvm/java-8-oracle/jre/lib/rt.jar:/usr/lib/jvm/java-8-oracle/jre/lib/sunrsasign.jar:/usr/lib/jvm/java-8-oracle/jre/lib/jsse.jar:/usr/lib/jvm/java-8-oracle/jre/lib/jce.jar:/usr/lib/jvm/java-8-oracle/jre/lib/charsets.jar:/usr/lib/jvm/java-8-oracle/jre/lib/jfr.jar:/usr/lib/jvm/java-8-oracle/jre/classes" />
    <property name="debug.test.classpath" value=":build/classes:/home/sean/netbeans8.2/platform/modules/ext/junit-4.12.jar:/home/sean/netbeans8.2/platform/modules/ext/hamcrest-core-1.3.jar:build/test/classes" />
    <property name="manifest.custom.application.library.allowable.codebase" value="" />
    <property name="nb.junit.batch" value="true" />
    <property name="libs.beans-binding.classpath" value="/home/sean/netbeans8.2/java/modules/ext/beansbinding-1.2.1.jar" />
    <property name="have.tests" value="true" />
    <property name="libs.hibernate4-persistencemodelgen.src" value="" />
    <property name="main.class" value="seanpoker.SeanPoker" />
    <property name="jar.archive.disabled" value="false" />
    <property name="libs.JWSAntTasks.maven-pom" value="" />
    <property name="libs.javac-api.classpath" value="/home/sean/netbeans8.2/java/modules/ext/nb-javac-api.jar" />
    <property name="user.country" value="ZA" />
    <property name="javadoc.notree" value="false" />
    <property name="libs.spring-framework300.maven-pom" value="" />
    <property name="libs.jaxws21.javadoc" value="/home/sean/netbeans8.2/java/docs/jaxws-api-doc.zip" />
    <property name="default.javac.target" value="1.8" />
    <property name="javadoc.additionalparam" value="" />
    <property name="javac.classpath" value="" />
    <property name="build.classes.dir" value="build/classes" />
    <property name="do.archive+manifest.available" value="true" />
    <property name="libs.swing-layout.javadoc" value="/home/sean/netbeans8.2/platform/docs/swing-layout-1.0.4-doc.zip" />
    <property name="libs.swing-layout.src" value="/home/sean/netbeans8.2/platform/docs/swing-layout-1.0.4-src.zip" />
    <property name="java.vendor" value="Oracle Corporation" />
    <property name="javac.target" value="1.8" />
    <property name="libs.eclipselink.classpath" value="/home/sean/netbeans8.2/java/modules/ext/eclipselink/eclipselink.jar:/home/sean/netbeans8.2/java/modules/ext/eclipselink/javax.persistence_2.1.0.v201304241213.jar:/home/sean/netbeans8.2/java/modules/ext/eclipselink/org.eclipse.persistence.jpa.jpql_2.5.2.v20140319-9ad6abd.jar" />
    <property name="libs.jpa2-persistence.maven-pom" value="" />
    <property name="runtime.encoding" value="UTF-8" />
    <property name="java.specification.version" value="1.8" />
    <property name="libs.JWSAntTasks.javadoc" value="" />
    <property name="test.classes" value="${out}/test/SeanPoker" />
    <property name="sun.arch.data.model" value="64" />
    <property name="mkdist.disabled" value="false" />
  </properties>
  <testcase classname="seanpoker.HandTest" name="testGetCards" time="0.001" />
  <testcase classname="seanpoker.HandTest" name="testSetWeight" time="0.0" />
  <testcase classname="seanpoker.HandTest" name="testGetWeight" time="0.0" />
  <testcase classname="seanpoker.HandTest" name="testSetCards" time="0.0" />
  <system-out><![CDATA[getCards
setWeight
getWeight
setCards
]]></system-out>
  <system-err><![CDATA[]]></system-err>
</testsuite>
